app/build/intermediates/manifest_merge_blame_file/debug/manifest-merger-blame-debug-report.txt
1<?xml version="1.0" encoding="utf-8"?>
2<manifest xmlns:android="http://schemas.android.com/apk/res/android"
3    package="com.turntimer"
4    android:versionCode="1"
5    android:versionName="1.0" >
6
7    <uses-sdk
8        android:minSdkVersion="26"
8-->src/main/AndroidManifest.xml
9        android:targetSdkVersion="30" />
9-->src/main/AndroidManifest.xml
10
11    <application
11-->src/main/AndroidManifest.xml:5:5-21:19
12        android:allowBackup="true"
12-->src/main/AndroidManifest.xml:5:18-46
13        android:appComponentFactory="androidx.core.app.CoreComponentFactory"
13-->[androidx.core:core:1.3.1] AndroidManifest.xml:24:18-86
14        android:debuggable="true"
15        android:extractNativeLibs="false"
16        android:fullBackupContent="true"
16-->src/main/AndroidManifest.xml:6:18-52
17        android:icon="@mipmap/ic_launcher"
17-->src/main/AndroidManifest.xml:7:18-54
18        android:label="@string/app_name"
18-->src/main/AndroidManifest.xml:8:18-52
19        android:roundIcon="@mipmap/ic_launcher_round"
19-->src/main/AndroidManifest.xml:9:18-65
20        android:supportsRtl="true"
20-->src/main/AndroidManifest.xml:10:18-46
21        android:theme="@style/AppTheme" >
21-->src/main/AndroidManifest.xml:11:18-51
22        <activity
22-->src/main/AndroidManifest.xml:13:9-20:20
23            android:name="com.turntimer.MainActivity"
23-->src/main/AndroidManifest.xml:13:19-48
24            android:label="@string/app_name" >
24-->src/main/AndroidManifest.xml:14:19-53
25            <intent-filter>
25-->src/main/AndroidManifest.xml:15:13-19:29
26                <action android:name="android.intent.action.MAIN" />
26-->src/main/AndroidManifest.xml:16:17-71
26-->src/main/AndroidManifest.xml:16:25-68
27
28                <category android:name="android.intent.category.DEFAULT" />
28-->src/main/AndroidManifest.xml:17:17-78
28-->src/main/AndroidManifest.xml:17:27-75
29                <category android:name="android.intent.category.LAUNCHER" />
29-->src/main/AndroidManifest.xml:18:17-79
29-->src/main/AndroidManifest.xml:18:27-76
30            </intent-filter>
31        </activity>
32    </application>
33
34</manifest>